      exists  app/models/
      exists  app/controllers/
      exists  app/helpers/
      create  app/views/rnaseq_pipelines
      exists  app/views/layouts/
      exists  test/functional/
      exists  test/unit/
      exists  test/unit/helpers/
      exists  public/stylesheets/
      create  app/views/rnaseq_pipelines/index.html.erb
      create  app/views/rnaseq_pipelines/show.html.erb
      create  app/views/rnaseq_pipelines/new.html.erb
      create  app/views/rnaseq_pipelines/edit.html.erb
   identical  app/views/layouts/rnaseq_pipelines.html.erb
   identical  public/stylesheets/scaffold.css
      create  app/controllers/rnaseq_pipelines_controller.rb
   identical  test/functional/rnaseq_pipelines_controller_test.rb
      create  app/helpers/rnaseq_pipelines_helper.rb
      create  test/unit/helpers/rnaseq_pipelines_helper_test.rb
       route  map.resources :rnaseq_pipelines
  dependency  model
      exists    app/models/
      exists    test/unit/
      exists    test/fixtures/
      create    app/models/rnaseq_pipeline.rb
      create    test/unit/rnaseq_pipeline_test.rb
      create    test/fixtures/rnaseq_pipelines.yml
      exists    db/migrate
      create    db/migrate/20100513174843_create_rnaseq_pipelines.rb
